2013-08-14 15:45:00,161 - ResourceManager : found templates/dao.vm with loader org.apache.velocity.runtime.resource.loader.ClasspathResourceLoader
2013-08-14 15:45:00,163 - ResourceManager : found templates/daoInterface.vm with loader org.apache.velocity.runtime.resource.loader.ClasspathResourceLoader
2013-08-14 15:45:00,173 - ResourceManager : found templates/dao.vm with loader org.apache.velocity.runtime.resource.loader.ClasspathResourceLoader
2013-08-14 15:45:00,175 - ResourceManager : found templates/daoInterface.vm with loader org.apache.velocity.runtime.resource.loader.ClasspathResourceLoader
2013-08-14 15:45:00,186 - ResourceManager : found templates/dao.vm with loader org.apache.velocity.runtime.resource.loader.ClasspathResourceLoader
2013-08-14 15:45:00,188 - ResourceManager : found templates/daoInterface.vm with loader org.apache.velocity.runtime.resource.loader.ClasspathResourceLoader
2013-08-14 15:45:00,194 - ResourceManager : found templates/dao.vm with loader org.apache.velocity.runtime.resource.loader.ClasspathResourceLoader
2013-08-14 15:45:00,196 - ResourceManager : found templates/daoInterface.vm with loader org.apache.velocity.runtime.resource.loader.ClasspathResourceLoader
2013-08-14 15:45:00,206 - ResourceManager : found templates/dao.vm with loader org.apache.velocity.runtime.resource.loader.ClasspathResourceLoader
2013-08-14 15:45:00,208 - ResourceManager : found templates/daoInterface.vm with loader org.apache.velocity.runtime.resource.loader.ClasspathResourceLoader
2013-08-14 15:45:00,216 - ResourceManager : found templates/dao.vm with loader org.apache.velocity.runtime.resource.loader.ClasspathResourceLoader
2013-08-14 15:45:00,228 - ResourceManager : found templates/daoInterface.vm with loader org.apache.velocity.runtime.resource.loader.ClasspathResourceLoader
2013-08-14 15:45:00,236 - ResourceManager : found templates/dao.vm with loader org.apache.velocity.runtime.resource.loader.ClasspathResourceLoader
2013-08-14 15:45:00,238 - ResourceManager : found templates/daoInterface.vm with loader org.apache.velocity.runtime.resource.loader.ClasspathResourceLoader
2013-08-14 15:45:00,247 - ResourceManager : found templates/dao.vm with loader org.apache.velocity.runtime.resource.loader.ClasspathResourceLoader
2013-08-14 15:45:00,248 - ResourceManager : found templates/daoInterface.vm with loader org.apache.velocity.runtime.resource.loader.ClasspathResourceLoader
2013-08-14 15:45:00,256 - ResourceManager : found templates/dao.vm with loader org.apache.velocity.runtime.resource.loader.ClasspathResourceLoader
2013-08-14 15:45:00,258 - ResourceManager : found templates/daoInterface.vm with loader org.apache.velocity.runtime.resource.loader.ClasspathResourceLoader
2013-08-14 15:45:00,304 - ResourceManager : found templates/dao.vm with loader org.apache.velocity.runtime.resource.loader.ClasspathResourceLoader
2013-08-14 15:45:00,308 - ResourceManager : found templates/daoInterface.vm with loader org.apache.velocity.runtime.resource.loader.ClasspathResourceLoader
2013-08-14 15:45:00,327 - ResourceManager : found templates/dao.vm with loader org.apache.velocity.runtime.resource.loader.ClasspathResourceLoader
2013-08-14 15:45:00,329 - ResourceManager : found templates/daoInterface.vm with loader org.apache.velocity.runtime.resource.loader.ClasspathResourceLoader
2013-08-14 15:45:00,348 - ResourceManager : found templates/dao.vm with loader org.apache.velocity.runtime.resource.loader.ClasspathResourceLoader
2013-08-14 15:45:00,350 - ResourceManager : found templates/daoInterface.vm with loader org.apache.velocity.runtime.resource.loader.ClasspathResourceLoader
2013-08-14 15:45:00,360 - ResourceManager : found templates/dao.vm with loader org.apache.velocity.runtime.resource.loader.ClasspathResourceLoader
2013-08-14 15:45:00,362 - ResourceManager : found templates/daoInterface.vm with loader org.apache.velocity.runtime.resource.loader.ClasspathResourceLoader
2013-08-14 15:45:00,380 - ResourceManager : found templates/dao.vm with loader org.apache.velocity.runtime.resource.loader.ClasspathResourceLoader
2013-08-14 15:45:00,382 - ResourceManager : found templates/daoInterface.vm with loader org.apache.velocity.runtime.resource.loader.ClasspathResourceLoader
2013-08-14 15:45:00,389 - ResourceManager : found templates/dao.vm with loader org.apache.velocity.runtime.resource.loader.ClasspathResourceLoader
2013-08-14 15:45:00,391 - ResourceManager : found templates/daoInterface.vm with loader org.apache.velocity.runtime.resource.loader.ClasspathResourceLoader
2013-08-14 15:45:00,394 - Velocimacro : added #state(  ) : source = templates/enum.vm
2013-08-14 15:45:00,399 - ResourceManager : found templates/enum.vm with loader org.apache.velocity.runtime.resource.loader.ClasspathResourceLoader
2013-08-14 15:45:00,407 - ResourceManager : found templates/enumClass.vm with loader org.apache.velocity.runtime.resource.loader.ClasspathResourceLoader
2013-08-14 15:45:00,417 - ResourceManager : found templates/daoFactory.vm with loader org.apache.velocity.runtime.resource.loader.ClasspathResourceLoader
2013-08-14 15:45:00,421 - ResourceManager : found templates/daoFactory.vm with loader org.apache.velocity.runtime.resource.loader.ClasspathResourceLoader
2013-08-14 15:45:00,424 - ResourceManager : found templates/daoFactory.vm with loader org.apache.velocity.runtime.resource.loader.ClasspathResourceLoader
2013-08-14 15:45:00,433 - ResourceManager : found templates/daoFactory.vm with loader org.apache.velocity.runtime.resource.loader.ClasspathResourceLoader
2013-08-14 15:45:00,437 - ResourceManager : found templates/daoFactory.vm with loader org.apache.velocity.runtime.resource.loader.ClasspathResourceLoader
2013-08-14 15:45:00,442 - ResourceManager : found templates/daoFactory.vm with loader org.apache.velocity.runtime.resource.loader.ClasspathResourceLoader
2013-08-14 15:45:00,448 - ResourceManager : found templates/daoFactory.vm with loader org.apache.velocity.runtime.resource.loader.ClasspathResourceLoader
2013-08-14 15:45:00,451 - ResourceManager : found templates/daoFactory.vm with loader org.apache.velocity.runtime.resource.loader.ClasspathResourceLoader
2013-08-14 15:45:00,454 - ResourceManager : found templates/daoFactory.vm with loader org.apache.velocity.runtime.resource.loader.ClasspathResourceLoader
2013-08-14 15:45:00,458 - ResourceManager : found templates/daoFactory.vm with loader org.apache.velocity.runtime.resource.loader.ClasspathResourceLoader
2013-08-14 15:45:00,462 - ResourceManager : found templates/daoFactory.vm with loader org.apache.velocity.runtime.resource.loader.ClasspathResourceLoader
2013-08-14 15:45:00,465 - ResourceManager : found templates/daoFactory.vm with loader org.apache.velocity.runtime.resource.loader.ClasspathResourceLoader
2013-08-14 15:45:00,468 - ResourceManager : found templates/daoFactory.vm with loader org.apache.velocity.runtime.resource.loader.ClasspathResourceLoader
2013-08-14 15:45:00,470 - ResourceManager : found templates/daoFactory.vm with loader org.apache.velocity.runtime.resource.loader.ClasspathResourceLoader
2013-08-14 15:45:00,473 - ResourceManager : found templates/daoFactory.vm with loader org.apache.velocity.runtime.resource.loader.ClasspathResourceLoader
2013-08-14 15:45:00,486 - ResourceManager : found templates/daoFactory.vm with loader org.apache.velocity.runtime.resource.loader.ClasspathResourceLoader
2013-08-14 15:45:00,490 - ResourceManager : found templates/daoFactory.vm with loader org.apache.velocity.runtime.resource.loader.ClasspathResourceLoader
2013-08-14 15:45:00,495 - ResourceManager : found templates/daoFactory.vm with loader org.apache.velocity.runtime.resource.loader.ClasspathResourceLoader
2013-08-14 15:45:00,575 - ResourceManager : found templates/daoFactory.vm with loader org.apache.velocity.runtime.resource.loader.ClasspathResourceLoader
2013-08-14 15:45:00,582 - ResourceManager : found templates/daoFactory.vm with loader org.apache.velocity.runtime.resource.loader.ClasspathResourceLoader
2013-08-14 15:45:00,586 - ResourceManager : found templates/daoFactory.vm with loader org.apache.velocity.runtime.resource.loader.ClasspathResourceLoader
2013-08-14 15:45:00,591 - ResourceManager : found templates/daoFactory.vm with loader org.apache.velocity.runtime.resource.loader.ClasspathResourceLoader
2013-08-14 15:45:00,598 - ResourceManager : found templates/daoFactory.vm with loader org.apache.velocity.runtime.resource.loader.ClasspathResourceLoader
2013-08-14 15:45:00,625 - ResourceManager : found templates/daoFactory.vm with loader org.apache.velocity.runtime.resource.loader.ClasspathResourceLoader
2013-08-14 15:45:00,637 - ResourceManager : found templates/applicationContext.vm with loader org.apache.velocity.runtime.resource.loader.ClasspathResourceLoader
2013-08-14 15:45:00,642 - ResourceManager : found templates/hbnPojoGenBuild.vm with loader org.apache.velocity.runtime.resource.loader.ClasspathResourceLoader
2013-08-14 15:45:00,643 - ResourceManager : found templates/ehcache.vm with loader org.apache.velocity.runtime.resource.loader.ClasspathResourceLoader
2013-08-14 15:45:00,647 - Velocimacro : added #doprefix(  ) : source = templates/daotest.vm
2013-08-14 15:45:00,647 - Velocimacro : added #doSuffix(  ) : source = templates/daotest.vm
2013-08-14 15:45:00,648 - Velocimacro : added #custom(  title ) : source = templates/daotest.vm
2013-08-14 15:45:00,653 - Velocimacro : added #customPost(  title ) : source = templates/daotest.vm
2013-08-14 15:45:00,655 - Velocimacro : added #cleanup(  title firstPass ) : source = templates/daotest.vm
2013-08-14 15:45:00,669 - ResourceManager : found templates/daotest.vm with loader org.apache.velocity.runtime.resource.loader.ClasspathResourceLoader
2013-08-14 15:45:00,759 - ResourceManager : found templates/dataPoolFactory.vm with loader org.apache.velocity.runtime.resource.loader.ClasspathResourceLoader
2013-08-14 15:45:00,785 - Velocimacro : added #classname(  ) : source = templates/datalayer.vm
2013-08-14 15:45:00,785 - Velocimacro : added #cn(  ) : source = templates/datalayer.vm
2013-08-14 15:45:00,791 - ResourceManager : found templates/datalayer.vm with loader org.apache.velocity.runtime.resource.loader.ClasspathResourceLoader
2013-08-14 15:45:00,795 - Null reference [template 'templates/datalayer.vm', line 115, column 27] : $class.className cannot be resolved.
2013-08-14 15:45:00,795 - Null reference [template 'templates/datalayer.vm', line 135, column 35] : $class.className cannot be resolved.
2013-08-14 15:45:00,801 - Null reference [template 'templates/datalayer.vm', line 115, column 27] : $class.className cannot be resolved.
2013-08-14 15:45:00,801 - Null reference [template 'templates/datalayer.vm', line 135, column 35] : $class.className cannot be resolved.
2013-08-14 15:45:00,810 - ResourceManager : found templates/pom.vm with loader org.apache.velocity.runtime.resource.loader.ClasspathResourceLoader
2013-08-14 15:45:00,810 - Null reference [template 'templates/pom.vm', line 188, column 34] : ${springVersion} cannot be resolved.
2013-08-14 15:45:00,810 - Null reference [template 'templates/pom.vm', line 196, column 34] : ${springVersion} cannot be resolved.
2013-08-14 15:45:00,810 - Null reference [template 'templates/pom.vm', line 204, column 34] : ${springVersion} cannot be resolved.
2013-08-14 15:45:00,810 - Null reference [template 'templates/pom.vm', line 211, column 34] : ${springVersion} cannot be resolved.
2013-08-14 15:45:00,811 - Null reference [template 'templates/pom.vm', line 219, column 34] : ${springVersion} cannot be resolved.
2013-08-14 15:45:00,811 - Null reference [template 'templates/pom.vm', line 227, column 34] : ${springVersion} cannot be resolved.
2013-08-14 15:45:00,811 - Null reference [template 'templates/pom.vm', line 237, column 34] : ${springVersion} cannot be resolved.
2013-08-14 15:45:00,811 - Null reference [template 'templates/pom.vm', line 287, column 25] : ${basedir} cannot be resolved.
2013-08-14 15:45:00,811 - Null reference [template 'templates/pom.vm', line 354, column 31] : ${skipUnitTests} cannot be resolved.
2013-08-14 15:45:00,811 - Null reference [template 'templates/pom.vm', line 367, column 39] : ${skipIntegrationTests} cannot be resolved.
2013-08-21 12:03:26,217 - Log4JLogChute initialized using file 'velocity.log'
2013-08-21 12:03:26,218 - Starting Apache Velocity v1.5 (compiled: 2007-02-22 08:52:29)
2013-08-21 12:03:26,218 - Default Properties File: org\apache\velocity\runtime\defaults\velocity.properties
2013-08-21 12:03:26,218 - Trying to use logger class org.apache.velocity.runtime.log.AvalonLogChute
2013-08-21 12:03:26,218 - Couldn't find class org.apache.velocity.runtime.log.AvalonLogChute or necessary supporting classes in classpath.
java.lang.NoClassDefFoundError: org/apache/log/format/Formatter
	at java.lang.Class.forName0(Native Method)
	at java.lang.Class.forName(Unknown Source)
	at org.apache.velocity.util.ClassUtils.getClass(ClassUtils.java:63)
	at org.apache.velocity.util.ClassUtils.getNewInstance(ClassUtils.java:95)
	at org.apache.velocity.runtime.log.LogManager.createLogChute(LogManager.java:147)
	at org.apache.velocity.runtime.log.LogManager.updateLog(LogManager.java:208)
	at org.apache.velocity.runtime.RuntimeInstance.initializeLog(RuntimeInstance.java:728)
	at org.apache.velocity.runtime.RuntimeInstance.init(RuntimeInstance.java:240)
	at org.apache.velocity.runtime.RuntimeInstance.init(RuntimeInstance.java:534)
	at org.apache.velocity.runtime.RuntimeSingleton.init(RuntimeSingleton.java:227)
	at org.apache.velocity.app.Velocity.init(Velocity.java:111)
	at com.felees.hbnpojogen.Config.parseConfig(Config.java:71)
	at com.felees.hbnpojogen.HbnPojoGen.run(HbnPojoGen.java:420)
	at com.felees.hbnpojogen.HbnPojoGen.main(HbnPojoGen.java:473)
Caused by: java.lang.ClassNotFoundException: org.apache.log.format.Formatter
	at java.net.URLClassLoader$1.run(Unknown Source)
	at java.net.URLClassLoader$1.run(Unknown Source)
	at java.security.AccessController.doPrivileged(Native Method)
	at java.net.URLClassLoader.findClass(Unknown Source)
	at java.lang.ClassLoader.loadClass(Unknown Source)
	at sun.misc.Launcher$AppClassLoader.loadClass(Unknown Source)
	at java.lang.ClassLoader.loadClass(Unknown Source)
	... 14 more
2013-08-21 12:03:26,246 - Trying to use logger class org.apache.velocity.runtime.log.Log4JLogChute
2013-08-21 12:03:26,246 - Using logger class org.apache.velocity.runtime.log.Log4JLogChute
2013-08-21 12:03:26,248 - Default ResourceManager initializing. (class org.apache.velocity.runtime.resource.ResourceManagerImpl)
2013-08-21 12:03:26,251 - ResourceLoader instantiated: org.apache.velocity.runtime.resource.loader.ClasspathResourceLoader
2013-08-21 12:03:26,254 - ResourceCache: initialized (class org.apache.velocity.runtime.resource.ResourceCacheImpl)
2013-08-21 12:03:26,256 - Loaded System Directive: org.apache.velocity.runtime.directive.Literal
2013-08-21 12:03:26,257 - Loaded System Directive: org.apache.velocity.runtime.directive.Macro
2013-08-21 12:03:26,258 - Loaded System Directive: org.apache.velocity.runtime.directive.Parse
2013-08-21 12:03:26,260 - Loaded System Directive: org.apache.velocity.runtime.directive.Include
2013-08-21 12:03:26,261 - Loaded System Directive: org.apache.velocity.runtime.directive.Foreach
2013-08-21 12:03:26,297 - Created '20' parsers.
2013-08-21 12:03:26,318 - Velocimacro : "velocimacro.library" is not set.  Trying default library: VM_global_library.vm
2013-08-21 12:03:26,318 - Velocimacro : Default library not found.
2013-08-21 12:03:26,318 - Velocimacro : allowInline = true : VMs can be defined inline in templates
2013-08-21 12:03:26,319 - Velocimacro : allowInlineToOverride = false : VMs defined inline may NOT replace previous VM definitions
2013-08-21 12:03:26,319 - Velocimacro : allowInlineLocal = false : VMs defined inline will be global in scope if allowed.
2013-08-21 12:03:26,319 - Velocimacro : autoload off : VM system will not automatically reload global library macros
2013-08-21 12:03:26,375 - Velocimacro : added #doCalcFullType(  ) : source = templates/class.vm
2013-08-21 12:03:26,376 - Velocimacro : added #lazyManyToMany(  ) : source = templates/class.vm
2013-08-21 12:03:26,377 - Velocimacro : added #lazyOneToMany(  ) : source = templates/class.vm
2013-08-21 12:03:26,377 - Velocimacro : added #lazyOneToOne(  ) : source = templates/class.vm
2013-08-21 12:03:26,378 - Velocimacro : added #lazyManyToOne(  ) : source = templates/class.vm
2013-08-21 12:03:26,389 - Velocimacro : added #doAnnotations(  ) : source = templates/class.vm
2013-08-21 12:03:26,390 - Velocimacro : added #prefix(  ) : source = templates/class.vm
2013-08-21 12:03:26,392 - Velocimacro : added #doClassType(  ) : source = templates/class.vm
2013-08-21 12:03:26,395 - Velocimacro : added #doManyToMany(  property ) : source = templates/class.vm
2013-08-21 12:03:26,397 - Velocimacro : added #oneToManyAnnotation(  property ) : source = templates/class.vm
2013-08-21 12:03:26,403 - Velocimacro : added #manyToOneAnnotation(  property ) : source = templates/class.vm
2013-08-21 12:03:26,407 - Velocimacro : added #OneToOneAnnotation(  property ) : source = templates/class.vm
2013-08-21 12:03:26,410 - Velocimacro : added #doConstructorSignature(  ) : source = templates/class.vm
2013-08-21 12:03:26,418 - Velocimacro : added #doClassMacros(  ) : source = templates/class.vm
2013-08-21 12:03:26,554 - ResourceManager : found templates/class.vm with loader org.apache.velocity.runtime.resource.loader.ClasspathResourceLoader
2013-08-21 12:03:26,556 - Velocimacro : VM addition rejected : prefix : inline not allowed to replace existing VM
2013-08-21 12:03:26,556 - Failed to add macro: #prefix(  ) : source = templates/classIface.vm
2013-08-21 12:03:26,567 - ResourceManager : found templates/classIface.vm with loader org.apache.velocity.runtime.resource.loader.ClasspathResourceLoader
2013-08-21 12:03:28,314 - ResourceManager : found templates/dao.vm with loader org.apache.velocity.runtime.resource.loader.ClasspathResourceLoader
2013-08-21 12:03:28,317 - ResourceManager : found templates/daoInterface.vm with loader org.apache.velocity.runtime.resource.loader.ClasspathResourceLoader
2013-08-21 12:03:28,487 - ResourceManager : found templates/dao.vm with loader org.apache.velocity.runtime.resource.loader.ClasspathResourceLoader
2013-08-21 12:03:28,501 - ResourceManager : found templates/daoInterface.vm with loader org.apache.velocity.runtime.resource.loader.ClasspathResourceLoader
2013-08-21 12:03:28,517 - ResourceManager : found templates/dao.vm with loader org.apache.velocity.runtime.resource.loader.ClasspathResourceLoader
2013-08-21 12:03:28,520 - ResourceManager : found templates/daoInterface.vm with loader org.apache.velocity.runtime.resource.loader.ClasspathResourceLoader
2013-08-21 12:03:28,644 - ResourceManager : found templates/dao.vm with loader org.apache.velocity.runtime.resource.loader.ClasspathResourceLoader
2013-08-21 12:03:28,647 - ResourceManager : found templates/daoInterface.vm with loader org.apache.velocity.runtime.resource.loader.ClasspathResourceLoader
2013-08-21 12:03:28,707 - ResourceManager : found templates/dao.vm with loader org.apache.velocity.runtime.resource.loader.ClasspathResourceLoader
2013-08-21 12:03:28,710 - ResourceManager : found templates/daoInterface.vm with loader org.apache.velocity.runtime.resource.loader.ClasspathResourceLoader
2013-08-21 12:03:28,733 - ResourceManager : found templates/dao.vm with loader org.apache.velocity.runtime.resource.loader.ClasspathResourceLoader
2013-08-21 12:03:28,735 - ResourceManager : found templates/daoInterface.vm with loader org.apache.velocity.runtime.resource.loader.ClasspathResourceLoader
2013-08-21 12:03:28,745 - ResourceManager : found templates/dao.vm with loader org.apache.velocity.runtime.resource.loader.ClasspathResourceLoader
2013-08-21 12:03:28,747 - ResourceManager : found templates/daoInterface.vm with loader org.apache.velocity.runtime.resource.loader.ClasspathResourceLoader
2013-08-21 12:03:28,773 - ResourceManager : found templates/dao.vm with loader org.apache.velocity.runtime.resource.loader.ClasspathResourceLoader
2013-08-21 12:03:28,776 - ResourceManager : found templates/daoInterface.vm with loader org.apache.velocity.runtime.resource.loader.ClasspathResourceLoader
2013-08-21 12:03:28,795 - ResourceManager : found templates/dao.vm with loader org.apache.velocity.runtime.resource.loader.ClasspathResourceLoader
2013-08-21 12:03:28,799 - ResourceManager : found templates/daoInterface.vm with loader org.apache.velocity.runtime.resource.loader.ClasspathResourceLoader
2013-08-21 12:03:28,821 - ResourceManager : found templates/dao.vm with loader org.apache.velocity.runtime.resource.loader.ClasspathResourceLoader
2013-08-21 12:03:28,828 - ResourceManager : found templates/daoInterface.vm with loader org.apache.velocity.runtime.resource.loader.ClasspathResourceLoader
2013-08-21 12:03:28,851 - ResourceManager : found templates/dao.vm with loader org.apache.velocity.runtime.resource.loader.ClasspathResourceLoader
2013-08-21 12:03:28,854 - ResourceManager : found templates/daoInterface.vm with loader org.apache.velocity.runtime.resource.loader.ClasspathResourceLoader
2013-08-21 12:03:28,888 - ResourceManager : found templates/dao.vm with loader org.apache.velocity.runtime.resource.loader.ClasspathResourceLoader
2013-08-21 12:03:28,892 - ResourceManager : found templates/daoInterface.vm with loader org.apache.velocity.runtime.resource.loader.ClasspathResourceLoader
2013-08-21 12:03:28,918 - ResourceManager : found templates/dao.vm with loader org.apache.velocity.runtime.resource.loader.ClasspathResourceLoader
2013-08-21 12:03:28,920 - ResourceManager : found templates/daoInterface.vm with loader org.apache.velocity.runtime.resource.loader.ClasspathResourceLoader
2013-08-21 12:03:28,928 - ResourceManager : found templates/dao.vm with loader org.apache.velocity.runtime.resource.loader.ClasspathResourceLoader
2013-08-21 12:03:28,930 - ResourceManager : found templates/daoInterface.vm with loader org.apache.velocity.runtime.resource.loader.ClasspathResourceLoader
2013-08-21 12:03:28,955 - ResourceManager : found templates/dao.vm with loader org.apache.velocity.runtime.resource.loader.ClasspathResourceLoader
2013-08-21 12:03:28,956 - ResourceManager : found templates/daoInterface.vm with loader org.apache.velocity.runtime.resource.loader.ClasspathResourceLoader
2013-08-21 12:03:28,970 - ResourceManager : found templates/dao.vm with loader org.apache.velocity.runtime.resource.loader.ClasspathResourceLoader
2013-08-21 12:03:28,972 - ResourceManager : found templates/daoInterface.vm with loader org.apache.velocity.runtime.resource.loader.ClasspathResourceLoader
2013-08-21 12:03:28,978 - ResourceManager : found templates/dao.vm with loader org.apache.velocity.runtime.resource.loader.ClasspathResourceLoader
2013-08-21 12:03:28,980 - ResourceManager : found templates/daoInterface.vm with loader org.apache.velocity.runtime.resource.loader.ClasspathResourceLoader
2013-08-21 12:03:29,008 - ResourceManager : found templates/dao.vm with loader org.apache.velocity.runtime.resource.loader.ClasspathResourceLoader
2013-08-21 12:03:29,010 - ResourceManager : found templates/daoInterface.vm with loader org.apache.velocity.runtime.resource.loader.ClasspathResourceLoader
2013-08-21 12:03:29,052 - ResourceManager : found templates/dao.vm with loader org.apache.velocity.runtime.resource.loader.ClasspathResourceLoader
2013-08-21 12:03:29,057 - ResourceManager : found templates/daoInterface.vm with loader org.apache.velocity.runtime.resource.loader.ClasspathResourceLoader
2013-08-21 12:03:29,091 - ResourceManager : found templates/dao.vm with loader org.apache.velocity.runtime.resource.loader.ClasspathResourceLoader
2013-08-21 12:03:29,094 - ResourceManager : found templates/daoInterface.vm with loader org.apache.velocity.runtime.resource.loader.ClasspathResourceLoader
2013-08-21 12:03:29,103 - ResourceManager : found templates/dao.vm with loader org.apache.velocity.runtime.resource.loader.ClasspathResourceLoader
2013-08-21 12:03:29,104 - ResourceManager : found templates/daoInterface.vm with loader org.apache.velocity.runtime.resource.loader.ClasspathResourceLoader
2013-08-21 12:03:29,128 - ResourceManager : found templates/dao.vm with loader org.apache.velocity.runtime.resource.loader.ClasspathResourceLoader
2013-08-21 12:03:29,129 - ResourceManager : found templates/daoInterface.vm with loader org.apache.velocity.runtime.resource.loader.ClasspathResourceLoader
2013-08-21 12:03:29,176 - ResourceManager : found templates/dao.vm with loader org.apache.velocity.runtime.resource.loader.ClasspathResourceLoader
2013-08-21 12:03:29,178 - ResourceManager : found templates/daoInterface.vm with loader org.apache.velocity.runtime.resource.loader.ClasspathResourceLoader
2013-08-21 12:03:29,233 - ResourceManager : found templates/dao.vm with loader org.apache.velocity.runtime.resource.loader.ClasspathResourceLoader
2013-08-21 12:03:29,246 - ResourceManager : found templates/daoInterface.vm with loader org.apache.velocity.runtime.resource.loader.ClasspathResourceLoader
2013-08-21 12:03:29,340 - ResourceManager : found templates/dao.vm with loader org.apache.velocity.runtime.resource.loader.ClasspathResourceLoader
2013-08-21 12:03:29,354 - ResourceManager : found templates/daoInterface.vm with loader org.apache.velocity.runtime.resource.loader.ClasspathResourceLoader
2013-08-21 12:03:29,360 - ResourceManager : found templates/dao.vm with loader org.apache.velocity.runtime.resource.loader.ClasspathResourceLoader
2013-08-21 12:03:29,362 - ResourceManager : found templates/daoInterface.vm with loader org.apache.velocity.runtime.resource.loader.ClasspathResourceLoader
2013-08-21 12:03:29,365 - ResourceManager : found templates/dao.vm with loader org.apache.velocity.runtime.resource.loader.ClasspathResourceLoader
2013-08-21 12:03:29,367 - ResourceManager : found templates/daoInterface.vm with loader org.apache.velocity.runtime.resource.loader.ClasspathResourceLoader
2013-08-21 12:03:29,375 - ResourceManager : found templates/dao.vm with loader org.apache.velocity.runtime.resource.loader.ClasspathResourceLoader
2013-08-21 12:03:29,377 - ResourceManager : found templates/daoInterface.vm with loader org.apache.velocity.runtime.resource.loader.ClasspathResourceLoader
2013-08-21 12:03:29,440 - ResourceManager : found templates/dao.vm with loader org.apache.velocity.runtime.resource.loader.ClasspathResourceLoader
2013-08-21 12:03:29,442 - ResourceManager : found templates/daoInterface.vm with loader org.apache.velocity.runtime.resource.loader.ClasspathResourceLoader
2013-08-21 12:03:29,448 - ResourceManager : found templates/dao.vm with loader org.apache.velocity.runtime.resource.loader.ClasspathResourceLoader
2013-08-21 12:03:29,450 - ResourceManager : found templates/daoInterface.vm with loader org.apache.velocity.runtime.resource.loader.ClasspathResourceLoader
2013-08-21 12:03:29,454 - ResourceManager : found templates/dao.vm with loader org.apache.velocity.runtime.resource.loader.ClasspathResourceLoader
2013-08-21 12:03:29,456 - ResourceManager : found templates/daoInterface.vm with loader org.apache.velocity.runtime.resource.loader.ClasspathResourceLoader
2013-08-21 12:03:29,461 - ResourceManager : found templates/dao.vm with loader org.apache.velocity.runtime.resource.loader.ClasspathResourceLoader
2013-08-21 12:03:29,463 - ResourceManager : found templates/daoInterface.vm with loader org.apache.velocity.runtime.resource.loader.ClasspathResourceLoader
2013-08-21 12:03:29,475 - ResourceManager : found templates/dao.vm with loader org.apache.velocity.runtime.resource.loader.ClasspathResourceLoader
2013-08-21 12:03:29,478 - ResourceManager : found templates/daoInterface.vm with loader org.apache.velocity.runtime.resource.loader.ClasspathResourceLoader
2013-08-21 12:03:29,482 - ResourceManager : found templates/dao.vm with loader org.apache.velocity.runtime.resource.loader.ClasspathResourceLoader
2013-08-21 12:03:29,484 - ResourceManager : found templates/daoInterface.vm with loader org.apache.velocity.runtime.resource.loader.ClasspathResourceLoader
2013-08-21 12:03:29,489 - ResourceManager : found templates/dao.vm with loader org.apache.velocity.runtime.resource.loader.ClasspathResourceLoader
2013-08-21 12:03:29,490 - ResourceManager : found templates/daoInterface.vm with loader org.apache.velocity.runtime.resource.loader.ClasspathResourceLoader
2013-08-21 12:03:29,496 - ResourceManager : found templates/dao.vm with loader org.apache.velocity.runtime.resource.loader.ClasspathResourceLoader
2013-08-21 12:03:29,497 - ResourceManager : found templates/daoInterface.vm with loader org.apache.velocity.runtime.resource.loader.ClasspathResourceLoader
2013-08-21 12:03:29,513 - ResourceManager : found templates/dao.vm with loader org.apache.velocity.runtime.resource.loader.ClasspathResourceLoader
2013-08-21 12:03:29,515 - ResourceManager : found templates/daoInterface.vm with loader org.apache.velocity.runtime.resource.loader.ClasspathResourceLoader
2013-08-21 12:03:29,518 - ResourceManager : found templates/dao.vm with loader org.apache.velocity.runtime.resource.loader.ClasspathResourceLoader
2013-08-21 12:03:29,520 - ResourceManager : found templates/daoInterface.vm with loader org.apache.velocity.runtime.resource.loader.ClasspathResourceLoader
2013-08-21 12:03:29,527 - ResourceManager : found templates/dao.vm with loader org.apache.velocity.runtime.resource.loader.ClasspathResourceLoader
2013-08-21 12:03:29,529 - ResourceManager : found templates/daoInterface.vm with loader org.apache.velocity.runtime.resource.loader.ClasspathResourceLoader
2013-08-21 12:03:29,534 - ResourceManager : found templates/dao.vm with loader org.apache.velocity.runtime.resource.loader.ClasspathResourceLoader
2013-08-21 12:03:29,536 - ResourceManager : found templates/daoInterface.vm with loader org.apache.velocity.runtime.resource.loader.ClasspathResourceLoader
2013-08-21 12:03:29,540 - ResourceManager : found templates/dao.vm with loader org.apache.velocity.runtime.resource.loader.ClasspathResourceLoader
2013-08-21 12:03:29,542 - ResourceManager : found templates/daoInterface.vm with loader org.apache.velocity.runtime.resource.loader.ClasspathResourceLoader
2013-08-21 12:03:29,547 - ResourceManager : found templates/dao.vm with loader org.apache.velocity.runtime.resource.loader.ClasspathResourceLoader
2013-08-21 12:03:29,549 - ResourceManager : found templates/daoInterface.vm with loader org.apache.velocity.runtime.resource.loader.ClasspathResourceLoader
2013-08-21 12:03:29,567 - ResourceManager : found templates/dao.vm with loader org.apache.velocity.runtime.resource.loader.ClasspathResourceLoader
2013-08-21 12:03:29,569 - ResourceManager : found templates/daoInterface.vm with loader org.apache.velocity.runtime.resource.loader.ClasspathResourceLoader
2013-08-21 12:03:29,576 - ResourceManager : found templates/dao.vm with loader org.apache.velocity.runtime.resource.loader.ClasspathResourceLoader
2013-08-21 12:03:29,578 - ResourceManager : found templates/daoInterface.vm with loader org.apache.velocity.runtime.resource.loader.ClasspathResourceLoader
2013-08-21 12:03:29,583 - ResourceManager : found templates/dao.vm with loader org.apache.velocity.runtime.resource.loader.ClasspathResourceLoader
2013-08-21 12:03:29,585 - ResourceManager : found templates/daoInterface.vm with loader org.apache.velocity.runtime.resource.loader.ClasspathResourceLoader
2013-08-21 12:03:29,609 - ResourceManager : found templates/dao.vm with loader org.apache.velocity.runtime.resource.loader.ClasspathResourceLoader
2013-08-21 12:03:29,611 - ResourceManager : found templates/daoInterface.vm with loader org.apache.velocity.runtime.resource.loader.ClasspathResourceLoader
2013-08-21 12:03:29,616 - ResourceManager : found templates/dao.vm with loader org.apache.velocity.runtime.resource.loader.ClasspathResourceLoader
2013-08-21 12:03:29,618 - ResourceManager : found templates/daoInterface.vm with loader org.apache.velocity.runtime.resource.loader.ClasspathResourceLoader
2013-08-21 12:03:29,623 - ResourceManager : found templates/dao.vm with loader org.apache.velocity.runtime.resource.loader.ClasspathResourceLoader
2013-08-21 12:03:29,625 - ResourceManager : found templates/daoInterface.vm with loader org.apache.velocity.runtime.resource.loader.ClasspathResourceLoader
2013-08-21 12:03:29,629 - Velocimacro : added #state(  ) : source = templates/enum.vm
2013-08-21 12:03:29,633 - ResourceManager : found templates/enum.vm with loader org.apache.velocity.runtime.resource.loader.ClasspathResourceLoader
2013-08-21 12:03:29,634 - ResourceManager : found templates/enumClass.vm with loader org.apache.velocity.runtime.resource.loader.ClasspathResourceLoader
2013-08-21 12:03:29,636 - ResourceManager : found templates/daoFactory.vm with loader org.apache.velocity.runtime.resource.loader.ClasspathResourceLoader
2013-08-21 12:03:29,640 - ResourceManager : found templates/daoFactory.vm with loader org.apache.velocity.runtime.resource.loader.ClasspathResourceLoader
2013-08-21 12:03:29,643 - ResourceManager : found templates/daoFactory.vm with loader org.apache.velocity.runtime.resource.loader.ClasspathResourceLoader
2013-08-21 12:03:29,649 - ResourceManager : found templates/daoFactory.vm with loader org.apache.velocity.runtime.resource.loader.ClasspathResourceLoader
2013-08-21 12:03:29,655 - ResourceManager : found templates/daoFactory.vm with loader org.apache.velocity.runtime.resource.loader.ClasspathResourceLoader
2013-08-21 12:03:29,678 - ResourceManager : found templates/daoFactory.vm with loader org.apache.velocity.runtime.resource.loader.ClasspathResourceLoader
2013-08-21 12:03:29,682 - ResourceManager : found templates/daoFactory.vm with loader org.apache.velocity.runtime.resource.loader.ClasspathResourceLoader
2013-08-21 12:03:29,685 - ResourceManager : found templates/daoFactory.vm with loader org.apache.velocity.runtime.resource.loader.ClasspathResourceLoader
2013-08-21 12:03:29,692 - ResourceManager : found templates/daoFactory.vm with loader org.apache.velocity.runtime.resource.loader.ClasspathResourceLoader
2013-08-21 12:03:29,695 - ResourceManager : found templates/daoFactory.vm with loader org.apache.velocity.runtime.resource.loader.ClasspathResourceLoader
2013-08-21 12:03:29,702 - ResourceManager : found templates/daoFactory.vm with loader org.apache.velocity.runtime.resource.loader.ClasspathResourceLoader
2013-08-21 12:03:29,705 - ResourceManager : found templates/daoFactory.vm with loader org.apache.velocity.runtime.resource.loader.ClasspathResourceLoader
2013-08-21 12:03:29,708 - ResourceManager : found templates/daoFactory.vm with loader org.apache.velocity.runtime.resource.loader.ClasspathResourceLoader
2013-08-21 12:03:29,718 - ResourceManager : found templates/daoFactory.vm with loader org.apache.velocity.runtime.resource.loader.ClasspathResourceLoader
2013-08-21 12:03:29,728 - ResourceManager : found templates/daoFactory.vm with loader org.apache.velocity.runtime.resource.loader.ClasspathResourceLoader
2013-08-21 12:03:29,731 - ResourceManager : found templates/daoFactory.vm with loader org.apache.velocity.runtime.resource.loader.ClasspathResourceLoader
2013-08-21 12:03:29,754 - ResourceManager : found templates/daoFactory.vm with loader org.apache.velocity.runtime.resource.loader.ClasspathResourceLoader
2013-08-21 12:03:29,757 - ResourceManager : found templates/daoFactory.vm with loader org.apache.velocity.runtime.resource.loader.ClasspathResourceLoader
2013-08-21 12:03:29,826 - ResourceManager : found templates/daoFactory.vm with loader org.apache.velocity.runtime.resource.loader.ClasspathResourceLoader
2013-08-21 12:03:29,830 - ResourceManager : found templates/daoFactory.vm with loader org.apache.velocity.runtime.resource.loader.ClasspathResourceLoader
2013-08-21 12:03:29,833 - ResourceManager : found templates/daoFactory.vm with loader org.apache.velocity.runtime.resource.loader.ClasspathResourceLoader
2013-08-21 12:03:29,836 - ResourceManager : found templates/daoFactory.vm with loader org.apache.velocity.runtime.resource.loader.ClasspathResourceLoader
2013-08-21 12:03:29,850 - ResourceManager : found templates/daoFactory.vm with loader org.apache.velocity.runtime.resource.loader.ClasspathResourceLoader
2013-08-21 12:03:29,853 - ResourceManager : found templates/daoFactory.vm with loader org.apache.velocity.runtime.resource.loader.ClasspathResourceLoader
2013-08-21 12:03:29,860 - ResourceManager : found templates/applicationContext.vm with loader org.apache.velocity.runtime.resource.loader.ClasspathResourceLoader
2013-08-21 12:03:29,867 - ResourceManager : found templates/hbnPojoGenBuild.vm with loader org.apache.velocity.runtime.resource.loader.ClasspathResourceLoader
2013-08-21 12:03:29,869 - ResourceManager : found templates/ehcache.vm with loader org.apache.velocity.runtime.resource.loader.ClasspathResourceLoader
2013-08-21 12:03:29,873 - Velocimacro : added #doprefix(  ) : source = templates/daotest.vm
2013-08-21 12:03:29,874 - Velocimacro : added #doSuffix(  ) : source = templates/daotest.vm
2013-08-21 12:03:29,874 - Velocimacro : added #custom(  title ) : source = templates/daotest.vm
2013-08-21 12:03:29,875 - Velocimacro : added #customPost(  title ) : source = templates/daotest.vm
2013-08-21 12:03:29,882 - Velocimacro : added #cleanup(  title firstPass ) : source = templates/daotest.vm
2013-08-21 12:03:29,895 - ResourceManager : found templates/daotest.vm with loader org.apache.velocity.runtime.resource.loader.ClasspathResourceLoader
2013-08-21 12:03:29,994 - ResourceManager : found templates/dataPoolFactory.vm with loader org.apache.velocity.runtime.resource.loader.ClasspathResourceLoader
2013-08-21 12:03:30,017 - Velocimacro : added #classname(  ) : source = templates/datalayer.vm
2013-08-21 12:03:30,018 - Velocimacro : added #cn(  ) : source = templates/datalayer.vm
2013-08-21 12:03:30,022 - ResourceManager : found templates/datalayer.vm with loader org.apache.velocity.runtime.resource.loader.ClasspathResourceLoader
2013-08-21 12:03:30,027 - Null reference [template 'templates/datalayer.vm', line 115, column 27] : $class.className cannot be resolved.
2013-08-21 12:03:30,027 - Null reference [template 'templates/datalayer.vm', line 135, column 35] : $class.className cannot be resolved.
2013-08-21 12:03:30,032 - Null reference [template 'templates/datalayer.vm', line 115, column 27] : $class.className cannot be resolved.
2013-08-21 12:03:30,033 - Null reference [template 'templates/datalayer.vm', line 135, column 35] : $class.className cannot be resolved.
2013-08-21 12:03:30,040 - ResourceManager : found templates/pom.vm with loader org.apache.velocity.runtime.resource.loader.ClasspathResourceLoader
2013-08-21 12:03:30,041 - Null reference [template 'templates/pom.vm', line 188, column 34] : ${springVersion} cannot be resolved.
2013-08-21 12:03:30,041 - Null reference [template 'templates/pom.vm', line 196, column 34] : ${springVersion} cannot be resolved.
2013-08-21 12:03:30,041 - Null reference [template 'templates/pom.vm', line 204, column 34] : ${springVersion} cannot be resolved.
2013-08-21 12:03:30,041 - Null reference [template 'templates/pom.vm', line 211, column 34] : ${springVersion} cannot be resolved.
2013-08-21 12:03:30,041 - Null reference [template 'templates/pom.vm', line 219, column 34] : ${springVersion} cannot be resolved.
2013-08-21 12:03:30,041 - Null reference [template 'templates/pom.vm', line 227, column 34] : ${springVersion} cannot be resolved.
2013-08-21 12:03:30,041 - Null reference [template 'templates/pom.vm', line 237, column 34] : ${springVersion} cannot be resolved.
2013-08-21 12:03:30,041 - Null reference [template 'templates/pom.vm', line 287, column 25] : ${basedir} cannot be resolved.
2013-08-21 12:03:30,041 - Null reference [template 'templates/pom.vm', line 354, column 31] : ${skipUnitTests} cannot be resolved.
2013-08-21 12:03:30,041 - Null reference [template 'templates/pom.vm', line 367, column 39] : ${skipIntegrationTests} cannot be resolved.
